<?xml version="1.0" encoding="UTF-8"?>
<testng-results skipped="0" failed="0" total="3" passed="3">
  <reporter-output>
  </reporter-output>
  <suite name="P2 Tests" duration-ms="2969" started-at="2017-03-06T03:19:21Z" finished-at="2017-03-06T03:19:24Z">
    <groups>
      <group name="P2">
        <method signature="HomPageTest.verifyLoginNavigation()[pri:0, instance:Tests.HomPageTest@260e86a1]" name="verifyLoginNavigation" class="Tests.HomPageTest"/>
      </group> <!-- P2 -->
    </groups>
    <test name="P2 Tests" duration-ms="2969" started-at="2017-03-06T03:19:21Z" finished-at="2017-03-06T03:19:24Z">
      <class name="Tests.HomPageTest">
        <test-method status="PASS" signature="verifyLoginNavigation()[pri:0, instance:Tests.HomPageTest@260e86a1]" name="verifyLoginNavigation" duration-ms="2968" started-at="2017-03-05T22:19:21Z" finished-at="2017-03-05T22:19:24Z">
          <reporter-output>
          </reporter-output>
        </test-method> <!-- verifyLoginNavigation -->
      </class> <!-- Tests.HomPageTest -->
    </test> <!-- P2 Tests -->
  </suite> <!-- P2 Tests -->
  <suite name="P1 Tests" duration-ms="9103" started-at="2017-03-06T03:19:12Z" finished-at="2017-03-06T03:19:21Z">
    <groups>
      <group name="P1">
        <method signature="HomPageTest.verifyLinkVisible()[pri:0, instance:Tests.HomPageTest@6b00f608]" name="verifyLinkVisible" class="Tests.HomPageTest"/>
        <method signature="LoginPageTest.invalidLoginTest()[pri:0, instance:Tests.LoginPageTest@2f17e30d]" name="invalidLoginTest" class="Tests.LoginPageTest"/>
      </group> <!-- P1 -->
    </groups>
    <test name="P1 Tests" duration-ms="9103" started-at="2017-03-06T03:19:12Z" finished-at="2017-03-06T03:19:21Z">
      <class name="Tests.HomPageTest">
        <test-method status="PASS" signature="verifyLinkVisible()[pri:0, instance:Tests.HomPageTest@6b00f608]" name="verifyLinkVisible" duration-ms="3039" started-at="2017-03-05T22:19:12Z" finished-at="2017-03-05T22:19:15Z">
          <reporter-output>
          </reporter-output>
        </test-method> <!-- verifyLinkVisible -->
      </class> <!-- Tests.HomPageTest -->
      <class name="Tests.LoginPageTest">
        <test-method status="PASS" signature="invalidLoginTest()[pri:0, instance:Tests.LoginPageTest@2f17e30d]" name="invalidLoginTest" duration-ms="6062" started-at="2017-03-05T22:19:15Z" finished-at="2017-03-05T22:19:21Z">
          <reporter-output>
          </reporter-output>
        </test-method> <!-- invalidLoginTest -->
      </class> <!-- Tests.LoginPageTest -->
    </test> <!-- P1 Tests -->
  </suite> <!-- P1 Tests -->
</testng-results>
